<?xml version="1.0" encoding="UTF-8"?>
<!-- Generated by org.testng.reporters.JUnitXMLReporter -->
<testsuite ignored="4" hostname="LAPTOP-0VH46A12" failures="0" tests="4" name="Test" time="14.687" errors="0" timestamp="2022-09-05T21:51:13 IST">
  <testcase classname="TestNG.Demo" name="setbrowser" time="10.381"/>
  <testcase classname="TestNG.Demo" name="loginapp" time="3.162"/>
  <testcase classname="TestNG.Demo" name="pagesource" time="0.024"/>
  <testcase classname="TestNG.Demo" name="logoutapp" time="1.048"/>
  <testcase classname="TestNG.Demo" name="computers" time="0.0">
    <ignored/>
  </testcase> <!-- computers -->
  <testcase classname="TestNG.Demo" name="links" time="0.0">
    <ignored/>
  </testcase> <!-- links -->
  <testcase classname="TestNG.Demo" name="Books" time="0.0">
    <ignored/>
  </testcase> <!-- Books -->
  <testcase classname="TestNG.Demo" name="closebrowser" time="0.0">
    <ignored/>
  </testcase> <!-- closebrowser -->
</testsuite> <!-- Test -->
